<?xml version="1.0" encoding="UTF-8"?>
<!-- Generated by org.testng.reporters.JUnitXMLReporter -->
<testsuite hostname="Rajivs-MacBook-Pro.local" ignored="0" name="Verify the behaviour of Addition" tests="2" failures="0" timestamp="30 Jan 2017 00:27:54 GMT" time="0.017" errors="0">
  <testcase name="testToAddValues" time="0.001" classname="test.java.unit.TestAddition"/>
  <testcase name="testToVerifyException" time="0.0" classname="test.java.unit.TestAddition"/>
</testsuite> <!-- Verify the behaviour of Addition -->
