<?xml version="1.0" encoding="UTF-8"?>
<testng-results skipped="0" failed="0" ignored="0" total="2" passed="2">
  <reporter-output>
  </reporter-output>
  <suite name="Addition" duration-ms="17" started-at="2017-01-30T00:27:53Z" finished-at="2017-01-30T00:27:53Z">
    <groups>
    </groups>
    <test name="Verify the behaviour of Addition" duration-ms="17" started-at="2017-01-30T00:27:53Z" finished-at="2017-01-30T00:27:53Z">
      <class name="test.java.unit.TestAddition">
        <test-method status="PASS" signature="getCalculusAddition()[pri:0, instance:test.java.unit.TestAddition@3c5a99da]" name="getCalculusAddition" is-config="true" duration-ms="4" started-at="2017-01-29T19:27:53Z" finished-at="2017-01-29T19:27:53Z">
          <reporter-output>
          </reporter-output>
        </test-method> <!-- getCalculusAddition -->
        <test-method status="PASS" signature="testToAddValues()[pri:0, instance:test.java.unit.TestAddition@3c5a99da]" name="testToAddValues" duration-ms="1" started-at="2017-01-29T19:27:53Z" finished-at="2017-01-29T19:27:53Z">
          <reporter-output>
          </reporter-output>
        </test-method> <!-- testToAddValues -->
        <test-method status="PASS" signature="getCalculusAddition()[pri:0, instance:test.java.unit.TestAddition@3c5a99da]" name="getCalculusAddition" is-config="true" duration-ms="0" started-at="2017-01-29T19:27:53Z" finished-at="2017-01-29T19:27:53Z">
          <reporter-output>
          </reporter-output>
        </test-method> <!-- getCalculusAddition -->
        <test-method status="PASS" signature="testToVerifyException()[pri:0, instance:test.java.unit.TestAddition@3c5a99da]" name="testToVerifyException" duration-ms="0" started-at="2017-01-29T19:27:53Z" finished-at="2017-01-29T19:27:53Z">
          <exception class="java.lang.NullPointerException">
            <full-stacktrace>
              <![CDATA[java.lang.NullPointerException
	at main.java.Addition.addValues(Addition.java:9)
	at test.java.unit.TestAddition.testToVerifyException(TestAddition.java:31)
	at sun.reflect.NativeMethodAccessorImpl.invoke0(Native Method)
	at sun.reflect.NativeMethodAccessorImpl.invoke(NativeMethodAccessorImpl.java:62)
	at sun.reflect.DelegatingMethodAccessorImpl.invoke(DelegatingMethodAccessorImpl.java:43)
	at java.lang.reflect.Method.invoke(Method.java:497)
	at org.testng.internal.MethodInvocationHelper.invokeMethod(MethodInvocationHelper.java:104)
	at org.testng.internal.Invoker.invokeMethod(Invoker.java:645)
	at org.testng.internal.Invoker.invokeTestMethod(Invoker.java:851)
	at org.testng.internal.Invoker.invokeTestMethods(Invoker.java:1177)
	at org.testng.internal.TestMethodWorker.invokeTestMethods(TestMethodWorker.java:129)
	at org.testng.internal.TestMethodWorker.run(TestMethodWorker.java:112)
	at org.testng.TestRunner.privateRun(TestRunner.java:756)
	at org.testng.TestRunner.run(TestRunner.java:610)
	at org.testng.SuiteRunner.runTest(SuiteRunner.java:387)
	at org.testng.SuiteRunner.runSequentially(SuiteRunner.java:382)
	at org.testng.SuiteRunner.privateRun(SuiteRunner.java:340)
	at org.testng.SuiteRunner.run(SuiteRunner.java:289)
	at org.testng.SuiteRunnerWorker.runSuite(SuiteRunnerWorker.java:52)
	at org.testng.SuiteRunnerWorker.run(SuiteRunnerWorker.java:86)
	at org.testng.TestNG.runSuitesSequentially(TestNG.java:1293)
	at org.testng.TestNG.runSuitesLocally(TestNG.java:1218)
	at org.testng.TestNG.runSuites(TestNG.java:1133)
	at org.testng.TestNG.run(TestNG.java:1104)
	at org.apache.maven.surefire.testng.TestNGExecutor.run(TestNGExecutor.java:282)
	at org.apache.maven.surefire.testng.TestNGXmlTestSuite.execute(TestNGXmlTestSuite.java:83)
	at org.apache.maven.surefire.testng.TestNGProvider.invoke(TestNGProvider.java:114)
	at org.apache.maven.surefire.booter.ForkedBooter.invokeProviderInSameClassLoader(ForkedBooter.java:286)
	at org.apache.maven.surefire.booter.ForkedBooter.runSuitesInProcess(ForkedBooter.java:240)
	at org.apache.maven.surefire.booter.ForkedBooter.main(ForkedBooter.java:121)
]]>
            </full-stacktrace>
          </exception> <!-- java.lang.NullPointerException -->
          <reporter-output>
          </reporter-output>
        </test-method> <!-- testToVerifyException -->
      </class> <!-- test.java.unit.TestAddition -->
    </test> <!-- Verify the behaviour of Addition -->
  </suite> <!-- Addition -->
</testng-results>
